<?xml version="1.0" encoding="UTF-8"?>
<testng-results ignored="0" total="5" passed="5" failed="0" skipped="0">
  <reporter-output>
  </reporter-output>
  <suite started-at="2021-11-08T19:41:10 IST" name="Default suite" finished-at="2021-11-08T19:41:10 IST" duration-ms="112">
    <groups>
    </groups>
    <test started-at="2021-11-08T19:41:10 IST" name="Default test" finished-at="2021-11-08T19:41:10 IST" duration-ms="112">
      <class name="tddTest.NewTest">
        <test-method is-config="true" signature="bft()[pri:0, instance:tddTest.NewTest@147ed70f]" started-at="2021-11-08T19:41:10 IST" name="bft" finished-at="2021-11-08T19:41:10 IST" duration-ms="15" status="PASS">
          <reporter-output>
          </reporter-output>
        </test-method> <!-- bft -->
        <test-method signature="test1()[pri:0, instance:tddTest.NewTest@147ed70f]" started-at="2021-11-08T19:41:10 IST" name="test1" finished-at="2021-11-08T19:41:10 IST" duration-ms="8" status="PASS">
          <reporter-output>
          </reporter-output>
        </test-method> <!-- test1 -->
        <test-method signature="test2()[pri:0, instance:tddTest.NewTest@147ed70f]" started-at="2021-11-08T19:41:10 IST" name="test2" finished-at="2021-11-08T19:41:10 IST" duration-ms="2" status="PASS">
          <reporter-output>
          </reporter-output>
        </test-method> <!-- test2 -->
        <test-method signature="test3()[pri:0, instance:tddTest.NewTest@147ed70f]" started-at="2021-11-08T19:41:10 IST" name="test3" finished-at="2021-11-08T19:41:10 IST" duration-ms="2" status="PASS">
          <reporter-output>
          </reporter-output>
        </test-method> <!-- test3 -->
        <test-method signature="test4()[pri:0, instance:tddTest.NewTest@147ed70f]" started-at="2021-11-08T19:41:10 IST" name="test4" finished-at="2021-11-08T19:41:10 IST" duration-ms="2" status="PASS">
          <reporter-output>
          </reporter-output>
        </test-method> <!-- test4 -->
        <test-method signature="test5()[pri:0, instance:tddTest.NewTest@147ed70f]" started-at="2021-11-08T19:41:10 IST" name="test5" finished-at="2021-11-08T19:41:10 IST" duration-ms="2" status="PASS">
          <reporter-output>
          </reporter-output>
        </test-method> <!-- test5 -->
      </class> <!-- tddTest.NewTest -->
    </test> <!-- Default test -->
  </suite> <!-- Default suite -->
</testng-results>
