<?xml version="1.0" encoding="UTF-8"?>
<!-- Generated by org.testng.reporters.JUnitXMLReporter -->
<testsuite ignored="0" hostname="Prachis-MacBook-Air.local" failures="0" tests="5" name="Default test" time="0.112" errors="0" timestamp="2021-11-08T19:41:10 IST">
  <testcase classname="tddTest.NewTest" name="test1" time="0.008"/>
  <testcase classname="tddTest.NewTest" name="test2" time="0.002"/>
  <testcase classname="tddTest.NewTest" name="test3" time="0.002"/>
  <testcase classname="tddTest.NewTest" name="test4" time="0.002"/>
  <testcase classname="tddTest.NewTest" name="test5" time="0.002"/>
</testsuite> <!-- Default test -->
